{"total": {"lines":{"total":286,"covered":178,"skipped":0,"pct":62.23},"statements":{"total":286,"covered":178,"skipped":0,"pct":62.23},"functions":{"total":21,"covered":6,"skipped":0,"pct":28.57},"branches":{"total":15,"covered":10,"skipped":0,"pct":66.66},"branchesTrue":{"total":0,"covered":0,"skipped":0,"pct":100}}
,"G:\\SKOLAN\\individuell-examination\\strajk-bowling\\src\\__test__\\Booking.test.jsx": {"lines":{"total":13,"covered":13,"skipped":0,"pct":100},"functions":{"total":0,"covered":0,"skipped":0,"pct":100},"statements":{"total":13,"covered":13,"skipped":0,"pct":100},"branches":{"total":2,"covered":2,"skipped":0,"pct":100}}
,"G:\\SKOLAN\\individuell-examination\\strajk-bowling\\src\\components\\BookingInfo\\BookingInfo.jsx": {"lines":{"total":44,"covered":44,"skipped":0,"pct":100},"functions":{"total":1,"covered":1,"skipped":0,"pct":100},"statements":{"total":44,"covered":44,"skipped":0,"pct":100},"branches":{"total":1,"covered":1,"skipped":0,"pct":100}}
,"G:\\SKOLAN\\individuell-examination\\strajk-bowling\\src\\components\\ErrorMessage\\ErrorMessage.jsx": {"lines":{"total":8,"covered":2,"skipped":0,"pct":25},"functions":{"total":1,"covered":0,"skipped":0,"pct":0},"statements":{"total":8,"covered":2,"skipped":0,"pct":25},"branches":{"total":0,"covered":0,"skipped":0,"pct":100}}
,"G:\\SKOLAN\\individuell-examination\\strajk-bowling\\src\\components\\Input\\Input.jsx": {"lines":{"total":26,"covered":26,"skipped":0,"pct":100},"functions":{"total":1,"covered":1,"skipped":0,"pct":100},"statements":{"total":26,"covered":26,"skipped":0,"pct":100},"branches":{"total":4,"covered":3,"skipped":0,"pct":75}}
,"G:\\SKOLAN\\individuell-examination\\strajk-bowling\\src\\components\\Navigation\\Navigation.jsx": {"lines":{"total":18,"covered":18,"skipped":0,"pct":100},"functions":{"total":4,"covered":1,"skipped":0,"pct":25},"statements":{"total":18,"covered":18,"skipped":0,"pct":100},"branches":{"total":4,"covered":1,"skipped":0,"pct":25}}
,"G:\\SKOLAN\\individuell-examination\\strajk-bowling\\src\\components\\Shoes\\Shoes.jsx": {"lines":{"total":42,"covered":20,"skipped":0,"pct":47.61},"functions":{"total":2,"covered":1,"skipped":0,"pct":50},"statements":{"total":42,"covered":20,"skipped":0,"pct":47.61},"branches":{"total":1,"covered":1,"skipped":0,"pct":100}}
,"G:\\SKOLAN\\individuell-examination\\strajk-bowling\\src\\components\\Top\\Top.jsx": {"lines":{"total":10,"covered":10,"skipped":0,"pct":100},"functions":{"total":1,"covered":1,"skipped":0,"pct":100},"statements":{"total":10,"covered":10,"skipped":0,"pct":100},"branches":{"total":1,"covered":1,"skipped":0,"pct":100}}
,"G:\\SKOLAN\\individuell-examination\\strajk-bowling\\src\\views\\Booking.jsx": {"lines":{"total":125,"covered":45,"skipped":0,"pct":36},"functions":{"total":11,"covered":1,"skipped":0,"pct":9.09},"statements":{"total":125,"covered":45,"skipped":0,"pct":36},"branches":{"total":2,"covered":1,"skipped":0,"pct":50}}
}
