TN:
SF:src\App.jsx
FN:6,App
FNF:1
FNH:1
FNDA:1,App
DA:1,1
DA:2,1
DA:4,1
DA:6,1
DA:8,1
DA:9,1
DA:10,1
DA:11,1
DA:13,1
DA:15,1
LF:10
LH:10
BRDA:6,0,0,1
BRF:1
BRH:1
end_of_record
TN:
SF:src\router.jsx
FNF:0
FNH:0
DA:1,1
DA:3,1
DA:4,1
DA:6,1
DA:7,1
DA:8,1
DA:9,1
DA:10,1
DA:11,1
DA:12,1
DA:13,1
DA:14,1
DA:15,1
DA:17,1
LF:14
LH:14
BRF:0
BRH:0
end_of_record
TN:
SF:src\__test__\App.test.jsx
FNF:0
FNH:0
DA:1,1
DA:2,1
DA:3,1
DA:5,1
DA:6,1
DA:7,1
DA:9,1
DA:10,1
DA:11,1
DA:12,1
DA:13,1
DA:14,1
DA:15,1
DA:16,1
DA:17,1
DA:18,1
DA:19,1
DA:20,1
DA:22,1
DA:23,4
DA:25,4
DA:26,4
DA:27,4
DA:28,1
DA:30,1
DA:31,1
DA:32,1
DA:34,1
DA:35,1
DA:36,1
DA:37,1
DA:38,1
LF:32
LH:32
BRDA:5,0,0,1
BRDA:6,1,0,1
BRDA:22,2,0,4
BRDA:30,3,0,1
BRDA:34,4,0,1
BRF:5
BRH:5
end_of_record
TN:
SF:src\__test__\Booking.test.jsx
FNF:0
FNH:0
DA:1,1
DA:2,1
DA:3,1
DA:4,1
DA:5,1
DA:7,1
DA:8,1
DA:9,1
DA:10,1
DA:11,1
DA:12,1
DA:13,1
DA:15,1
DA:16,1
DA:17,1
DA:18,1
DA:19,1
DA:20,1
DA:21,1
DA:22,1
DA:23,1
DA:25,1
DA:26,1
DA:27,1
DA:29,1
DA:30,5
DA:32,5
DA:33,5
DA:34,5
DA:36,1
DA:38,1
DA:39,1
DA:40,1
DA:41,1
DA:43,1
DA:44,1
DA:45,1
DA:46,1
DA:47,1
DA:48,1
DA:50,1
DA:51,1
DA:52,1
DA:53,1
DA:54,1
DA:55,1
DA:56,1
DA:57,1
DA:58,1
DA:59,1
DA:60,1
DA:61,1
DA:63,1
DA:65,1
DA:66,1
DA:67,1
DA:68,1
DA:70,1
DA:71,1
DA:72,1
DA:73,1
DA:74,1
DA:75,1
DA:77,1
DA:78,1
DA:79,1
DA:80,1
DA:81,1
DA:82,1
DA:83,1
DA:84,1
DA:85,1
DA:86,1
DA:87,1
DA:88,1
DA:91,1
DA:92,1
DA:95,1
DA:96,1
DA:98,1
DA:99,1
DA:101,1
DA:103,1
DA:104,1
DA:105,1
DA:106,1
DA:108,1
DA:109,1
DA:110,1
DA:111,1
DA:112,1
DA:113,1
DA:115,1
DA:116,1
DA:117,1
DA:118,1
DA:119,1
DA:120,1
DA:121,1
DA:122,1
DA:123,1
DA:124,1
DA:125,1
DA:126,1
DA:128,1
DA:130,1
DA:132,1
DA:134,1
DA:136,1
DA:137,1
DA:138,1
DA:139,1
DA:140,1
DA:141,1
DA:143,1
DA:144,1
DA:145,1
DA:146,1
DA:147,1
DA:148,1
DA:150,1
DA:151,1
DA:152,1
DA:153,1
DA:154,1
DA:155,1
DA:156,1
DA:157,1
DA:158,1
DA:159,1
DA:160,1
DA:161,1
DA:163,1
DA:164,1
DA:165,1
DA:168,1
DA:169,1
DA:172,1
DA:173,1
DA:176,1
DA:179,1
DA:181,1
DA:182,1
DA:183,1
DA:185,1
DA:186,1
DA:187,1
DA:188,1
DA:190,1
DA:191,1
DA:192,1
DA:193,1
DA:194,1
DA:195,1
DA:197,1
DA:198,1
DA:199,1
DA:200,1
DA:202,1
DA:204,1
DA:205,1
DA:206,1
DA:207,1
DA:209,1
DA:210,1
DA:212,1
DA:214,1
DA:215,2
DA:216,2
DA:217,2
DA:218,1
DA:219,1
DA:220,1
LF:173
LH:173
BRDA:7,0,0,1
BRDA:8,1,0,1
BRDA:29,2,0,5
BRDA:43,3,0,1
BRDA:70,4,0,1
BRDA:108,5,0,1
BRDA:143,6,0,1
BRDA:190,7,0,1
BRDA:198,8,0,1
BRDA:214,9,0,2
BRF:10
BRH:10
end_of_record
TN:
SF:src\__test__\Confirmation.test.jsx
FNF:0
FNH:0
DA:1,1
DA:2,1
DA:3,1
DA:4,1
DA:5,1
DA:6,1
DA:8,1
DA:9,1
DA:10,1
DA:11,1
DA:12,1
DA:13,1
DA:14,1
DA:15,1
DA:16,1
DA:17,1
DA:20,1
DA:21,1
DA:22,1
DA:23,1
DA:26,1
DA:27,1
DA:28,1
DA:29,1
DA:30,1
DA:33,1
DA:35,1
DA:36,1
DA:37,1
DA:38,1
DA:40,1
DA:41,1
DA:42,1
DA:43,1
DA:45,1
DA:46,1
DA:47,1
DA:48,1
DA:51,1
DA:53,1
DA:54,1
DA:55,1
DA:56,1
DA:57,1
DA:58,1
DA:60,1
DA:61,1
DA:62,1
DA:63,1
DA:64,1
DA:65,1
DA:66,1
DA:67,1
DA:68,1
DA:70,1
DA:72,1
DA:73,1
DA:74,1
DA:75,1
DA:76,1
DA:77,1
DA:78,1
DA:79,1
DA:80,1
DA:81,1
DA:82,1
DA:83,1
DA:85,1
DA:86,1
DA:88,1
DA:89,1
DA:91,1
DA:92,1
DA:94,1
DA:95,1
DA:97,1
DA:98,1
DA:99,1
DA:100,1
DA:101,1
DA:103,1
DA:104,1
DA:105,1
DA:106,1
DA:108,1
DA:109,1
DA:110,1
DA:111,1
DA:112,1
DA:113,1
DA:114,1
DA:115,1
DA:116,1
DA:117,1
LF:94
LH:94
BRDA:8,0,0,1
BRDA:9,1,0,1
BRDA:60,2,0,1
BRDA:108,3,0,1
BRF:4
BRH:4
end_of_record
TN:
SF:src\components\BookingInfo\BookingInfo.jsx
FN:5,BookingInfo
FNF:1
FNH:1
FNDA:70,BookingInfo
DA:1,1
DA:3,1
DA:5,70
DA:6,70
DA:7,70
DA:8,70
DA:9,70
DA:10,70
DA:11,70
DA:12,70
DA:13,70
DA:14,70
DA:15,70
DA:16,70
DA:17,70
DA:18,70
DA:19,70
DA:20,70
DA:21,70
DA:22,70
DA:23,70
DA:24,70
DA:25,70
DA:26,70
DA:27,70
DA:28,70
DA:29,70
DA:30,70
DA:31,70
DA:32,70
DA:33,70
DA:34,70
DA:35,70
DA:36,70
DA:37,70
DA:38,70
DA:39,70
DA:40,70
DA:41,70
DA:42,70
DA:43,70
DA:44,70
DA:46,70
DA:48,1
LF:44
LH:44
BRDA:5,0,0,70
BRF:1
BRH:1
end_of_record
TN:
SF:src\components\ErrorMessage\ErrorMessage.jsx
FN:3,ErrorMessage
FNF:1
FNH:1
FNDA:4,ErrorMessage
DA:1,1
DA:3,4
DA:4,4
DA:5,4
DA:6,4
DA:7,4
DA:9,4
DA:11,1
LF:8
LH:8
BRDA:3,0,0,4
BRF:1
BRH:1
end_of_record
TN:
SF:src\components\Input\Input.jsx
FN:3,Input
FNF:1
FNH:1
FNDA:378,Input
DA:1,1
DA:3,378
DA:4,378
DA:5,378
DA:6,378
DA:7,378
DA:8,378
DA:9,378
DA:10,378
DA:11,378
DA:12,378
DA:13,378
DA:15,378
DA:16,378
DA:17,378
DA:18,378
DA:19,378
DA:20,378
DA:21,378
DA:22,378
DA:23,378
DA:24,378
DA:25,378
DA:26,378
DA:27,378
DA:28,378
DA:29,378
DA:30,378
DA:32,378
DA:34,1
LF:30
LH:30
BRDA:3,0,0,378
BRDA:23,1,0,308
BRDA:23,2,0,70
BRDA:26,3,0,12
BRDA:26,4,0,366
BRF:5
BRH:5
end_of_record
TN:
SF:src\components\Navigation\Navigation.jsx
FN:6,Navigation
FN:13,onClick
FN:15,onClick
FN:17,onClick
FNF:4
FNH:3
FNDA:75,Navigation
FNDA:1,onClick
FNDA:0,onClick
FNDA:1,onClick
DA:1,1
DA:2,1
DA:3,1
DA:4,1
DA:6,75
DA:7,75
DA:8,75
DA:10,75
DA:11,75
DA:12,75
DA:13,75
DA:14,75
DA:15,75
DA:16,75
DA:17,75
DA:18,75
DA:20,75
DA:22,1
LF:18
LH:18
BRDA:6,0,0,75
BRDA:11,1,0,2
BRDA:11,2,0,73
BRDA:14,3,0,2
BRDA:14,4,0,73
BRDA:16,5,0,2
BRDA:16,6,0,73
BRDA:13,7,0,1
BRDA:17,8,0,1
BRF:9
BRH:9
end_of_record
TN:
SF:src\components\Shoes\Shoes.jsx
FN:6,Shoes
FN:21,onClick
FN:41,onClick
FNF:3
FNH:3
FNDA:70,Shoes
FNDA:1,onClick
FNDA:17,onClick
DA:1,1
DA:2,1
DA:4,1
DA:6,70
DA:7,70
DA:8,86
DA:9,86
DA:10,86
DA:11,86
DA:12,86
DA:13,86
DA:14,86
DA:15,86
DA:16,86
DA:17,86
DA:18,86
DA:19,86
DA:20,86
DA:21,86
DA:22,1
DA:23,1
DA:24,86
DA:26,86
DA:27,86
DA:30,86
DA:31,70
DA:33,70
DA:34,70
DA:35,70
DA:36,70
DA:37,70
DA:38,70
DA:39,70
DA:40,70
DA:41,70
DA:42,17
DA:43,17
DA:44,70
DA:46,70
DA:47,70
DA:49,70
DA:51,1
LF:42
LH:42
BRDA:6,0,0,70
BRDA:7,1,0,86
BRDA:21,2,0,1
BRDA:41,3,0,17
BRF:4
BRH:4
end_of_record
TN:
SF:src\components\Top\Top.jsx
FN:4,Top
FNF:1
FNH:1
FNDA:74,Top
DA:1,1
DA:2,1
DA:4,74
DA:5,74
DA:6,74
DA:7,74
DA:8,74
DA:9,74
DA:11,74
DA:13,1
LF:10
LH:10
BRDA:4,0,0,74
BRF:1
BRH:1
end_of_record
TN:
SF:src\mocks\handlers.js
FNF:0
FNH:0
DA:1,1
DA:2,1
DA:3,1
DA:4,1
DA:5,1
DA:6,1
DA:7,2
DA:8,2
DA:9,2
DA:10,2
DA:11,2
DA:12,2
DA:13,2
DA:14,2
DA:15,2
DA:16,2
DA:17,2
DA:18,2
DA:19,2
DA:20,2
DA:21,2
DA:22,2
DA:23,2
DA:24,2
DA:25,2
DA:26,2
DA:27,1
DA:28,1
LF:28
LH:28
BRDA:6,0,0,2
BRF:1
BRH:1
end_of_record
TN:
SF:src\mocks\server.js
FNF:0
FNH:0
DA:1,1
DA:2,1
DA:3,1
DA:4,1
LF:4
LH:4
BRF:0
BRH:0
end_of_record
TN:
SF:src\views\Booking.jsx
FN:11,Booking
FN:22,updateBookingDetails
FN:32,updateSize
FN:45,addShoe
FN:51,removeShoe
FN:57,isShoeSizesFilled
FN:65,checkPlayersAndLanes
FN:74,sendBooking
FN:90,comparePeopleAndShoes
FN:94,saveConfirmation
FN:102,book
FNF:11
FNH:11
FNDA:70,Booking
FNDA:24,updateBookingDetails
FNDA:15,updateSize
FNDA:17,addShoe
FNDA:1,removeShoe
FNDA:4,isShoeSizesFilled
FNDA:3,checkPlayersAndLanes
FNDA:2,sendBooking
FNDA:5,comparePeopleAndShoes
FNDA:2,saveConfirmation
FNDA:6,book
DA:1,1
DA:2,1
DA:3,1
DA:5,1
DA:6,1
DA:7,1
DA:8,1
DA:9,1
DA:11,70
DA:12,70
DA:13,70
DA:14,70
DA:15,70
DA:16,70
DA:17,70
DA:18,70
DA:19,70
DA:20,70
DA:22,70
DA:23,24
DA:24,24
DA:26,24
DA:27,24
DA:28,24
DA:29,24
DA:30,24
DA:32,70
DA:33,15
DA:34,15
DA:36,15
DA:37,15
DA:38,15
DA:39,38
DA:40,15
DA:41,15
DA:42,15
DA:43,15
DA:45,70
DA:46,17
DA:48,17
DA:49,17
DA:51,70
DA:52,1
DA:54,1
DA:55,1
DA:57,70
DA:58,4
DA:60,4
DA:62,4
DA:63,4
DA:65,70
DA:66,3
DA:67,3
DA:69,3
DA:71,1
DA:72,3
DA:74,70
DA:75,2
DA:76,2
DA:77,2
DA:78,2
DA:79,2
DA:80,2
DA:81,2
DA:82,2
DA:83,2
DA:84,2
DA:85,2
DA:87,2
DA:88,2
DA:90,70
DA:91,5
DA:92,5
DA:94,70
DA:95,2
DA:96,2
DA:98,2
DA:99,2
DA:100,2
DA:102,70
DA:103,6
DA:105,6
DA:106,1
DA:107,6
DA:108,1
DA:109,5
DA:110,1
DA:111,3
DA:112,1
DA:113,1
DA:116,6
DA:117,4
DA:118,4
DA:119,4
DA:121,2
DA:122,2
DA:123,2
DA:124,2
DA:125,2
DA:126,2
DA:128,2
DA:130,2
DA:132,2
DA:133,2
DA:135,2
DA:136,2
DA:137,2
DA:138,6
DA:140,70
DA:141,70
DA:142,70
DA:143,70
DA:144,70
DA:145,70
DA:146,70
DA:147,70
DA:148,70
DA:149,70
DA:150,70
DA:151,70
DA:153,70
DA:154,70
DA:155,70
DA:157,70
DA:159,1
LF:125
LH:125
BRDA:11,0,0,70
BRDA:154,1,0,4
BRDA:154,2,0,66
BRDA:22,3,0,24
BRDA:26,4,0,24
BRDA:32,5,0,15
BRDA:36,6,0,0
BRDA:37,7,0,15
BRDA:38,8,0,38
BRDA:39,9,0,15
BRDA:39,10,0,23
BRDA:45,11,0,17
BRDA:51,12,0,1
BRDA:54,13,0,3
BRDA:57,14,0,4
BRDA:60,15,0,13
BRDA:60,16,0,12
BRDA:60,17,0,1
BRDA:65,18,0,3
BRDA:69,19,0,2
BRDA:69,20,0,1
BRDA:74,21,0,2
BRDA:90,22,0,5
BRDA:94,23,0,2
BRDA:95,24,0,2
BRDA:102,25,0,6
BRDA:105,26,0,5
BRDA:105,27,0,5
BRDA:105,28,0,5
BRDA:105,29,0,1
BRDA:107,30,0,5
BRDA:107,31,0,1
BRDA:109,32,0,4
BRDA:109,33,0,3
BRDA:109,34,0,1
BRDA:111,35,0,1
BRDA:116,36,0,4
BRDA:119,37,0,2
BRDA:125,38,0,6
BRF:39
BRH:38
end_of_record
TN:
SF:src\views\Confirmation.jsx
FN:8,Confirmation
FNF:1
FNH:1
FNDA:4,Confirmation
DA:1,1
DA:2,1
DA:4,1
DA:5,1
DA:6,1
DA:8,4
DA:9,4
DA:11,4
DA:12,4
DA:13,3
DA:15,4
DA:16,4
DA:17,4
DA:18,4
DA:19,4
DA:20,3
DA:21,3
DA:22,3
DA:23,3
DA:24,3
DA:25,3
DA:26,3
DA:27,3
DA:28,3
DA:29,3
DA:30,3
DA:31,3
DA:32,3
DA:33,3
DA:34,3
DA:35,3
DA:36,3
DA:37,3
DA:38,3
DA:39,3
DA:40,3
DA:41,3
DA:42,3
DA:43,3
DA:44,3
DA:45,3
DA:46,3
DA:47,3
DA:48,3
DA:49,3
DA:50,3
DA:51,3
DA:52,3
DA:53,3
DA:54,3
DA:55,3
DA:56,3
DA:57,3
DA:59,3
DA:60,3
DA:62,1
DA:64,4
DA:66,4
DA:68,1
LF:59
LH:59
BRDA:8,0,0,4
BRDA:12,1,0,1
BRDA:12,2,0,3
BRDA:19,3,0,3
BRDA:19,4,0,3
BRDA:60,5,0,1
BRF:6
BRH:6
end_of_record
